2024-06-26 00:06:275 INFO  HomePage :58 - Mouse hover on desktops Tab and click [[ChromeDriver: chrome on windows (b34a132aeebcb71f49ba47b6ad0d5fba)] -> link text: Desktops]
2024-06-26 00:06:978 INFO  HomePage :53 - Click Show AllDesktops from homepage Top menu  [[[ChromeDriver: chrome on windows (b34a132aeebcb71f49ba47b6ad0d5fba)] -> xpath: //nav[@id='menu']//ul/li[contains(@class, 'open')]/div/child::*], [[ChromeDriver: chrome on windows (b34a132aeebcb71f49ba47b6ad0d5fba)] -> xpath: //nav[@id='menu']//ul/li[contains(@class, 'open')]/div/child::*]]
2024-06-26 00:06:410 INFO  DesktopPage :62 - Select option product sorted by Name (Z - A)from sort by options [[ChromeDriver: chrome on windows (b34a132aeebcb71f49ba47b6ad0d5fba)] -> id: input-sort]
2024-06-26 00:06:779 INFO  HomePage :77 - Clicking on Currency on top of page [[ChromeDriver: chrome on windows (fbd09db7cb9d5405efdbcfc6f719198f)] -> xpath: //span[normalize-space()='Currency']]
2024-06-26 00:06:534 INFO  HomePage :81 - Clicking on £Pound Sterling on top of page [[ChromeDriver: chrome on windows (fbd09db7cb9d5405efdbcfc6f719198f)] -> xpath: //button[contains(text(),'£Pound Sterling')]]
2024-06-26 00:06:701 INFO  HomePage :58 - Mouse hover on desktops Tab and click [[ChromeDriver: chrome on windows (fbd09db7cb9d5405efdbcfc6f719198f)] -> link text: Desktops]
2024-06-26 00:06:742 INFO  HomePage :53 - Click Show AllDesktops from homepage Top menu  [[[ChromeDriver: chrome on windows (fbd09db7cb9d5405efdbcfc6f719198f)] -> xpath: //nav[@id='menu']//ul/li[contains(@class, 'open')]/div/child::*], [[ChromeDriver: chrome on windows (fbd09db7cb9d5405efdbcfc6f719198f)] -> xpath: //nav[@id='menu']//ul/li[contains(@class, 'open')]/div/child::*]]
2024-06-26 00:06:264 INFO  DesktopPage :62 - Select option product sorted by Name (Z - A)from sort by options [[ChromeDriver: chrome on windows (fbd09db7cb9d5405efdbcfc6f719198f)] -> id: input-sort]
2024-06-26 00:06:577 INFO  DesktopPage :70 - Clicking on HTC Touch HD [[ChromeDriver: chrome on windows (fbd09db7cb9d5405efdbcfc6f719198f)] -> xpath: //h4/a]
2024-06-26 00:06:595 INFO  ProductPage :54 - Verify Product name : [[ChromeDriver: chrome on windows (fbd09db7cb9d5405efdbcfc6f719198f)] -> css selector: div[id='content'] h1]
2024-06-26 00:06:736 INFO  ProductPage :84 - Clicking on Login Button [[ChromeDriver: chrome on windows (fbd09db7cb9d5405efdbcfc6f719198f)] -> xpath: //button[@id='button-cart']]
2024-06-26 00:06:72 INFO  ProductPage :88 - Verify the Message “Success: You have added product to your shopping cart!” [[ChromeDriver: chrome on windows (fbd09db7cb9d5405efdbcfc6f719198f)] -> xpath: //div[@class='alert alert-success alert-dismissible']]
2024-06-26 00:06:632 INFO  ProductPage :100 - Click on link “shopping cart” display into success message [[ChromeDriver: chrome on windows (fbd09db7cb9d5405efdbcfc6f719198f)] -> xpath: //a[contains(text(),'shopping cart')]]
2024-06-26 00:06:641 INFO  ShoppingCartPage :39 -  Verify the text Shopping Cart [[ChromeDriver: chrome on windows (fbd09db7cb9d5405efdbcfc6f719198f)] -> xpath: //h1[contains(text(),'Shopping Cart')]]
2024-06-26 00:06:680 INFO  ShoppingCartPage :44 - Verify the Product name [[ChromeDriver: chrome on windows (fbd09db7cb9d5405efdbcfc6f719198f)] -> xpath: //div[@class = 'table-responsive']/table/tbody/tr/td[2]/a]
2024-06-26 00:06:699 INFO  ShoppingCartPage :49 - Getting model details in shopping cart : [[ChromeDriver: chrome on windows (fbd09db7cb9d5405efdbcfc6f719198f)] -> xpath: //div[@class = 'table-responsive']/table/tbody/tr/td[3]]
2024-06-26 00:06:718 INFO  ShoppingCartPage :54 - Getting total amount in shopping cart : [[ChromeDriver: chrome on windows (fbd09db7cb9d5405efdbcfc6f719198f)] -> xpath: //div[@class = 'table-responsive']/table/tbody/tr/td[6]]
2024-06-26 00:06:208 INFO  HomePage :77 - Clicking on Currency on top of page [[ChromeDriver: chrome on windows (6199686827590f9a10449815e9f49982)] -> xpath: //span[normalize-space()='Currency']]
2024-06-26 00:06:807 INFO  HomePage :81 - Clicking on £Pound Sterling on top of page [[ChromeDriver: chrome on windows (6199686827590f9a10449815e9f49982)] -> xpath: //button[contains(text(),'£Pound Sterling')]]
2024-06-26 00:06:969 INFO  HomePage :58 - Mouse hover on desktops Tab and click [[ChromeDriver: chrome on windows (6199686827590f9a10449815e9f49982)] -> link text: Desktops]
2024-06-26 00:06:732 INFO  HomePage :53 - Click Show AllDesktops from homepage Top menu  [[[ChromeDriver: chrome on windows (6199686827590f9a10449815e9f49982)] -> xpath: //nav[@id='menu']//ul/li[contains(@class, 'open')]/div/child::*], [[ChromeDriver: chrome on windows (6199686827590f9a10449815e9f49982)] -> xpath: //nav[@id='menu']//ul/li[contains(@class, 'open')]/div/child::*]]
2024-06-26 00:06:137 INFO  DesktopPage :62 - Select option product sorted by Name (Z - A)from sort by options [[ChromeDriver: chrome on windows (6199686827590f9a10449815e9f49982)] -> id: input-sort]
2024-06-26 00:06:985 INFO  DesktopPage :70 - Clicking on iPhone [[ChromeDriver: chrome on windows (6199686827590f9a10449815e9f49982)] -> xpath: //h4/a]
2024-06-26 00:06:999 INFO  ProductPage :54 - Verify Product name : [[ChromeDriver: chrome on windows (6199686827590f9a10449815e9f49982)] -> css selector: div[id='content'] h1]
2024-06-26 00:06:162 INFO  ProductPage :84 - Clicking on Login Button [[ChromeDriver: chrome on windows (6199686827590f9a10449815e9f49982)] -> xpath: //button[@id='button-cart']]
2024-06-26 00:06:450 INFO  ProductPage :88 - Verify the Message “Success: You have added product to your shopping cart!” [[ChromeDriver: chrome on windows (6199686827590f9a10449815e9f49982)] -> xpath: //div[@class='alert alert-success alert-dismissible']]
2024-06-26 00:06:939 INFO  ProductPage :100 - Click on link “shopping cart” display into success message [[ChromeDriver: chrome on windows (6199686827590f9a10449815e9f49982)] -> xpath: //a[contains(text(),'shopping cart')]]
2024-06-26 00:06:972 INFO  ShoppingCartPage :39 -  Verify the text Shopping Cart [[ChromeDriver: chrome on windows (6199686827590f9a10449815e9f49982)] -> xpath: //h1[contains(text(),'Shopping Cart')]]
2024-06-26 00:06:992 INFO  ShoppingCartPage :44 - Verify the Product name [[ChromeDriver: chrome on windows (6199686827590f9a10449815e9f49982)] -> xpath: //div[@class = 'table-responsive']/table/tbody/tr/td[2]/a]
2024-06-26 00:06:20 INFO  ShoppingCartPage :49 - Getting model details in shopping cart : [[ChromeDriver: chrome on windows (6199686827590f9a10449815e9f49982)] -> xpath: //div[@class = 'table-responsive']/table/tbody/tr/td[3]]
2024-06-26 00:06:37 INFO  ShoppingCartPage :54 - Getting total amount in shopping cart : [[ChromeDriver: chrome on windows (6199686827590f9a10449815e9f49982)] -> xpath: //div[@class = 'table-responsive']/table/tbody/tr/td[6]]
2024-06-26 00:06:926 INFO  HomePage :77 - Clicking on Currency on top of page [[ChromeDriver: chrome on windows (e6b5fb5171c0046cca7a1f49d02b85d9)] -> xpath: //span[normalize-space()='Currency']]
2024-06-26 00:06:658 INFO  HomePage :81 - Clicking on £Pound Sterling on top of page [[ChromeDriver: chrome on windows (e6b5fb5171c0046cca7a1f49d02b85d9)] -> xpath: //button[contains(text(),'£Pound Sterling')]]
2024-06-26 00:06:811 INFO  HomePage :58 - Mouse hover on desktops Tab and click [[ChromeDriver: chrome on windows (e6b5fb5171c0046cca7a1f49d02b85d9)] -> link text: Desktops]
2024-06-26 00:06:846 INFO  HomePage :53 - Click Show AllDesktops from homepage Top menu  [[[ChromeDriver: chrome on windows (e6b5fb5171c0046cca7a1f49d02b85d9)] -> xpath: //nav[@id='menu']//ul/li[contains(@class, 'open')]/div/child::*], [[ChromeDriver: chrome on windows (e6b5fb5171c0046cca7a1f49d02b85d9)] -> xpath: //nav[@id='menu']//ul/li[contains(@class, 'open')]/div/child::*]]
2024-06-26 00:06:316 INFO  DesktopPage :62 - Select option product sorted by Name (Z - A)from sort by options [[ChromeDriver: chrome on windows (e6b5fb5171c0046cca7a1f49d02b85d9)] -> id: input-sort]
2024-06-26 00:06:343 INFO  DesktopPage :70 - Clicking on iPod Classic [[ChromeDriver: chrome on windows (e6b5fb5171c0046cca7a1f49d02b85d9)] -> xpath: //h4/a]
2024-06-26 00:06:360 INFO  ProductPage :54 - Verify Product name : [[ChromeDriver: chrome on windows (e6b5fb5171c0046cca7a1f49d02b85d9)] -> css selector: div[id='content'] h1]
2024-06-26 00:06:529 INFO  ProductPage :84 - Clicking on Login Button [[ChromeDriver: chrome on windows (e6b5fb5171c0046cca7a1f49d02b85d9)] -> xpath: //button[@id='button-cart']]
2024-06-26 00:06:867 INFO  ProductPage :88 - Verify the Message “Success: You have added product to your shopping cart!” [[ChromeDriver: chrome on windows (e6b5fb5171c0046cca7a1f49d02b85d9)] -> xpath: //div[@class='alert alert-success alert-dismissible']]
2024-06-26 00:06:420 INFO  ProductPage :100 - Click on link “shopping cart” display into success message [[ChromeDriver: chrome on windows (e6b5fb5171c0046cca7a1f49d02b85d9)] -> xpath: //a[contains(text(),'shopping cart')]]
2024-06-26 00:06:424 INFO  ShoppingCartPage :39 -  Verify the text Shopping Cart [[ChromeDriver: chrome on windows (e6b5fb5171c0046cca7a1f49d02b85d9)] -> xpath: //h1[contains(text(),'Shopping Cart')]]
2024-06-26 00:06:439 INFO  ShoppingCartPage :44 - Verify the Product name [[ChromeDriver: chrome on windows (e6b5fb5171c0046cca7a1f49d02b85d9)] -> xpath: //div[@class = 'table-responsive']/table/tbody/tr/td[2]/a]
2024-06-26 00:06:482 INFO  ShoppingCartPage :49 - Getting model details in shopping cart : [[ChromeDriver: chrome on windows (e6b5fb5171c0046cca7a1f49d02b85d9)] -> xpath: //div[@class = 'table-responsive']/table/tbody/tr/td[3]]
2024-06-26 00:06:499 INFO  ShoppingCartPage :54 - Getting total amount in shopping cart : [[ChromeDriver: chrome on windows (e6b5fb5171c0046cca7a1f49d02b85d9)] -> xpath: //div[@class = 'table-responsive']/table/tbody/tr/td[6]]
2024-06-26 00:06:405 INFO  HomePage :77 - Clicking on Currency on top of page [[ChromeDriver: chrome on windows (664b72a72c8dfbc7772351c0f46fa644)] -> xpath: //span[normalize-space()='Currency']]
2024-06-26 00:06:136 INFO  HomePage :81 - Clicking on £Pound Sterling on top of page [[ChromeDriver: chrome on windows (664b72a72c8dfbc7772351c0f46fa644)] -> xpath: //button[contains(text(),'£Pound Sterling')]]
2024-06-26 00:06:305 INFO  HomePage :58 - Mouse hover on desktops Tab and click [[ChromeDriver: chrome on windows (664b72a72c8dfbc7772351c0f46fa644)] -> link text: Desktops]
2024-06-26 00:06:332 INFO  HomePage :53 - Click Show AllDesktops from homepage Top menu  [[[ChromeDriver: chrome on windows (664b72a72c8dfbc7772351c0f46fa644)] -> xpath: //nav[@id='menu']//ul/li[contains(@class, 'open')]/div/child::*], [[ChromeDriver: chrome on windows (664b72a72c8dfbc7772351c0f46fa644)] -> xpath: //nav[@id='menu']//ul/li[contains(@class, 'open')]/div/child::*]]
2024-06-26 00:06:807 INFO  DesktopPage :62 - Select option product sorted by Name (Z - A)from sort by options [[ChromeDriver: chrome on windows (664b72a72c8dfbc7772351c0f46fa644)] -> id: input-sort]
2024-06-26 00:06:846 INFO  DesktopPage :70 - Clicking on MacBook [[ChromeDriver: chrome on windows (664b72a72c8dfbc7772351c0f46fa644)] -> xpath: //h4/a]
2024-06-26 00:06:858 INFO  ProductPage :54 - Verify Product name : [[ChromeDriver: chrome on windows (664b72a72c8dfbc7772351c0f46fa644)] -> css selector: div[id='content'] h1]
2024-06-26 00:06:07 INFO  ProductPage :84 - Clicking on Login Button [[ChromeDriver: chrome on windows (664b72a72c8dfbc7772351c0f46fa644)] -> xpath: //button[@id='button-cart']]
2024-06-26 00:06:346 INFO  ProductPage :88 - Verify the Message “Success: You have added product to your shopping cart!” [[ChromeDriver: chrome on windows (664b72a72c8dfbc7772351c0f46fa644)] -> xpath: //div[@class='alert alert-success alert-dismissible']]
2024-06-26 00:06:903 INFO  ProductPage :100 - Click on link “shopping cart” display into success message [[ChromeDriver: chrome on windows (664b72a72c8dfbc7772351c0f46fa644)] -> xpath: //a[contains(text(),'shopping cart')]]
2024-06-26 00:06:929 INFO  ShoppingCartPage :39 -  Verify the text Shopping Cart [[ChromeDriver: chrome on windows (664b72a72c8dfbc7772351c0f46fa644)] -> xpath: //h1[contains(text(),'Shopping Cart')]]
2024-06-26 00:06:946 INFO  ShoppingCartPage :44 - Verify the Product name [[ChromeDriver: chrome on windows (664b72a72c8dfbc7772351c0f46fa644)] -> xpath: //div[@class = 'table-responsive']/table/tbody/tr/td[2]/a]
2024-06-26 00:06:970 INFO  ShoppingCartPage :49 - Getting model details in shopping cart : [[ChromeDriver: chrome on windows (664b72a72c8dfbc7772351c0f46fa644)] -> xpath: //div[@class = 'table-responsive']/table/tbody/tr/td[3]]
2024-06-26 00:06:987 INFO  ShoppingCartPage :54 - Getting total amount in shopping cart : [[ChromeDriver: chrome on windows (664b72a72c8dfbc7772351c0f46fa644)] -> xpath: //div[@class = 'table-responsive']/table/tbody/tr/td[6]]
2024-06-26 00:06:724 INFO  HomePage :77 - Clicking on Currency on top of page [[ChromeDriver: chrome on windows (254f2415d984607622cc60e54ad2a70f)] -> xpath: //span[normalize-space()='Currency']]
2024-06-26 00:06:444 INFO  HomePage :81 - Clicking on £Pound Sterling on top of page [[ChromeDriver: chrome on windows (254f2415d984607622cc60e54ad2a70f)] -> xpath: //button[contains(text(),'£Pound Sterling')]]
2024-06-26 00:06:613 INFO  HomePage :58 - Mouse hover on desktops Tab and click [[ChromeDriver: chrome on windows (254f2415d984607622cc60e54ad2a70f)] -> link text: Desktops]
2024-06-26 00:06:609 INFO  HomePage :53 - Click Show AllDesktops from homepage Top menu  [[[ChromeDriver: chrome on windows (254f2415d984607622cc60e54ad2a70f)] -> xpath: //nav[@id='menu']//ul/li[contains(@class, 'open')]/div/child::*], [[ChromeDriver: chrome on windows (254f2415d984607622cc60e54ad2a70f)] -> xpath: //nav[@id='menu']//ul/li[contains(@class, 'open')]/div/child::*]]
2024-06-26 00:06:577 INFO  DesktopPage :62 - Select option product sorted by Name (Z - A)from sort by options [[ChromeDriver: chrome on windows (254f2415d984607622cc60e54ad2a70f)] -> id: input-sort]
2024-06-26 00:06:63 INFO  DesktopPage :70 - Clicking on MacBook Air [[ChromeDriver: chrome on windows (254f2415d984607622cc60e54ad2a70f)] -> xpath: //h4/a]
2024-06-26 00:06:82 INFO  ProductPage :54 - Verify Product name : [[ChromeDriver: chrome on windows (254f2415d984607622cc60e54ad2a70f)] -> css selector: div[id='content'] h1]
2024-06-26 00:06:229 INFO  ProductPage :84 - Clicking on Login Button [[ChromeDriver: chrome on windows (254f2415d984607622cc60e54ad2a70f)] -> xpath: //button[@id='button-cart']]
2024-06-26 00:06:586 INFO  ProductPage :88 - Verify the Message “Success: You have added product to your shopping cart!” [[ChromeDriver: chrome on windows (254f2415d984607622cc60e54ad2a70f)] -> xpath: //div[@class='alert alert-success alert-dismissible']]
2024-06-26 00:06:114 INFO  ProductPage :100 - Click on link “shopping cart” display into success message [[ChromeDriver: chrome on windows (254f2415d984607622cc60e54ad2a70f)] -> xpath: //a[contains(text(),'shopping cart')]]
2024-06-26 00:06:123 INFO  ShoppingCartPage :39 -  Verify the text Shopping Cart [[ChromeDriver: chrome on windows (254f2415d984607622cc60e54ad2a70f)] -> xpath: //h1[contains(text(),'Shopping Cart')]]
2024-06-26 00:06:146 INFO  ShoppingCartPage :44 - Verify the Product name [[ChromeDriver: chrome on windows (254f2415d984607622cc60e54ad2a70f)] -> xpath: //div[@class = 'table-responsive']/table/tbody/tr/td[2]/a]
2024-06-26 00:06:167 INFO  ShoppingCartPage :49 - Getting model details in shopping cart : [[ChromeDriver: chrome on windows (254f2415d984607622cc60e54ad2a70f)] -> xpath: //div[@class = 'table-responsive']/table/tbody/tr/td[3]]
2024-06-26 00:06:184 INFO  ShoppingCartPage :54 - Getting total amount in shopping cart : [[ChromeDriver: chrome on windows (254f2415d984607622cc60e54ad2a70f)] -> xpath: //div[@class = 'table-responsive']/table/tbody/tr/td[6]]
2024-06-26 00:06:981 INFO  HomePage :77 - Clicking on Currency on top of page [[ChromeDriver: chrome on windows (728110d90e28eb1146bd60994ab9ff7b)] -> xpath: //span[normalize-space()='Currency']]
2024-06-26 00:06:714 INFO  HomePage :81 - Clicking on £Pound Sterling on top of page [[ChromeDriver: chrome on windows (728110d90e28eb1146bd60994ab9ff7b)] -> xpath: //button[contains(text(),'£Pound Sterling')]]
2024-06-26 00:06:882 INFO  HomePage :58 - Mouse hover on desktops Tab and click [[ChromeDriver: chrome on windows (728110d90e28eb1146bd60994ab9ff7b)] -> link text: Desktops]
2024-06-26 00:06:932 INFO  HomePage :53 - Click Show AllDesktops from homepage Top menu  [[[ChromeDriver: chrome on windows (728110d90e28eb1146bd60994ab9ff7b)] -> xpath: //nav[@id='menu']//ul/li[contains(@class, 'open')]/div/child::*], [[ChromeDriver: chrome on windows (728110d90e28eb1146bd60994ab9ff7b)] -> xpath: //nav[@id='menu']//ul/li[contains(@class, 'open')]/div/child::*]]
2024-06-26 00:06:417 INFO  DesktopPage :62 - Select option product sorted by Name (Z - A)from sort by options [[ChromeDriver: chrome on windows (728110d90e28eb1146bd60994ab9ff7b)] -> id: input-sort]
2024-06-26 00:06:410 INFO  DesktopPage :70 - Clicking on Sony VAIO [[ChromeDriver: chrome on windows (728110d90e28eb1146bd60994ab9ff7b)] -> xpath: //h4/a]
2024-06-26 00:06:410 INFO  ProductPage :54 - Verify Product name : [[ChromeDriver: chrome on windows (728110d90e28eb1146bd60994ab9ff7b)] -> css selector: div[id='content'] h1]
2024-06-26 00:06:575 INFO  ProductPage :84 - Clicking on Login Button [[ChromeDriver: chrome on windows (728110d90e28eb1146bd60994ab9ff7b)] -> xpath: //button[@id='button-cart']]
2024-06-26 00:06:931 INFO  ProductPage :88 - Verify the Message “Success: You have added product to your shopping cart!” [[ChromeDriver: chrome on windows (728110d90e28eb1146bd60994ab9ff7b)] -> xpath: //div[@class='alert alert-success alert-dismissible']]
2024-06-26 00:06:485 INFO  ProductPage :100 - Click on link “shopping cart” display into success message [[ChromeDriver: chrome on windows (728110d90e28eb1146bd60994ab9ff7b)] -> xpath: //a[contains(text(),'shopping cart')]]
2024-06-26 00:06:485 INFO  ShoppingCartPage :39 -  Verify the text Shopping Cart [[ChromeDriver: chrome on windows (728110d90e28eb1146bd60994ab9ff7b)] -> xpath: //h1[contains(text(),'Shopping Cart')]]
2024-06-26 00:06:534 INFO  ShoppingCartPage :44 - Verify the Product name [[ChromeDriver: chrome on windows (728110d90e28eb1146bd60994ab9ff7b)] -> xpath: //div[@class = 'table-responsive']/table/tbody/tr/td[2]/a]
2024-06-26 00:06:550 INFO  ShoppingCartPage :49 - Getting model details in shopping cart : [[ChromeDriver: chrome on windows (728110d90e28eb1146bd60994ab9ff7b)] -> xpath: //div[@class = 'table-responsive']/table/tbody/tr/td[3]]
2024-06-26 00:06:556 INFO  ShoppingCartPage :54 - Getting total amount in shopping cart : [[ChromeDriver: chrome on windows (728110d90e28eb1146bd60994ab9ff7b)] -> xpath: //div[@class = 'table-responsive']/table/tbody/tr/td[6]]
2024-06-26 00:06:578 INFO  HomePage :64 - Mouse hover on laptop And Notebook Tab and click [[ChromeDriver: chrome on windows (49d011e1882383b21de55b3c11129b62)] -> link text: Laptops & Notebooks]
2024-06-26 00:06:316 INFO  HomePage :53 - Click Show AllLaptops & Notebooks from homepage Top menu  [[[ChromeDriver: chrome on windows (49d011e1882383b21de55b3c11129b62)] -> xpath: //nav[@id='menu']//ul/li[contains(@class, 'open')]/div/child::*], [[ChromeDriver: chrome on windows (49d011e1882383b21de55b3c11129b62)] -> xpath: //nav[@id='menu']//ul/li[contains(@class, 'open')]/div/child::*]]
2024-06-26 00:06:776 INFO  DesktopPage :62 - Select option product sorted by Price (High > Low)from sort by options [[ChromeDriver: chrome on windows (49d011e1882383b21de55b3c11129b62)] -> id: input-sort]
2024-06-26 00:06:829 INFO  LaptopsAndNotebooksPage :46 - Verify Product sorted  price High to low [[[ChromeDriver: chrome on windows (49d011e1882383b21de55b3c11129b62)] -> xpath: //p[@class ='price']], [[ChromeDriver: chrome on windows (49d011e1882383b21de55b3c11129b62)] -> xpath: //p[@class ='price']], [[ChromeDriver: chrome on windows (49d011e1882383b21de55b3c11129b62)] -> xpath: //p[@class ='price']], [[ChromeDriver: chrome on windows (49d011e1882383b21de55b3c11129b62)] -> xpath: //p[@class ='price']], [[ChromeDriver: chrome on windows (49d011e1882383b21de55b3c11129b62)] -> xpath: //p[@class ='price']]]
2024-06-26 00:06:862 INFO  LaptopsAndNotebooksPage :46 - Verify Product sorted  price High to low [[[ChromeDriver: chrome on windows (49d011e1882383b21de55b3c11129b62)] -> xpath: //p[@class ='price']], [[ChromeDriver: chrome on windows (49d011e1882383b21de55b3c11129b62)] -> xpath: //p[@class ='price']], [[ChromeDriver: chrome on windows (49d011e1882383b21de55b3c11129b62)] -> xpath: //p[@class ='price']], [[ChromeDriver: chrome on windows (49d011e1882383b21de55b3c11129b62)] -> xpath: //p[@class ='price']], [[ChromeDriver: chrome on windows (49d011e1882383b21de55b3c11129b62)] -> xpath: //p[@class ='price']]]
2024-06-26 00:06:158 INFO  HomePage :77 - Clicking on Currency on top of page [[ChromeDriver: chrome on windows (8691f22e509fbdb80a9afae65962ecc0)] -> xpath: //span[normalize-space()='Currency']]
2024-06-26 00:06:751 INFO  HomePage :81 - Clicking on £Pound Sterling on top of page [[ChromeDriver: chrome on windows (8691f22e509fbdb80a9afae65962ecc0)] -> xpath: //button[contains(text(),'£Pound Sterling')]]
2024-06-26 00:06:893 INFO  HomePage :64 - Mouse hover on laptop And Notebook Tab and click [[ChromeDriver: chrome on windows (8691f22e509fbdb80a9afae65962ecc0)] -> link text: Laptops & Notebooks]
2024-06-26 00:06:778 INFO  HomePage :53 - Click Show AllLaptops & Notebooks from homepage Top menu  [[[ChromeDriver: chrome on windows (8691f22e509fbdb80a9afae65962ecc0)] -> xpath: //nav[@id='menu']//ul/li[contains(@class, 'open')]/div/child::*], [[ChromeDriver: chrome on windows (8691f22e509fbdb80a9afae65962ecc0)] -> xpath: //nav[@id='menu']//ul/li[contains(@class, 'open')]/div/child::*]]
2024-06-26 00:06:459 INFO  DesktopPage :62 - Select option product sorted by Price (High > Low)from sort by options [[ChromeDriver: chrome on windows (8691f22e509fbdb80a9afae65962ecc0)] -> id: input-sort]
2024-06-26 00:06:747 INFO  LaptopsAndNotebooksPage :63 - Select HP LP3065[[ChromeDriver: chrome on windows (8691f22e509fbdb80a9afae65962ecc0)] -> link text: HP LP3065]
2024-06-26 00:06:759 INFO  ProductPage :54 - Verify Product name : [[ChromeDriver: chrome on windows (8691f22e509fbdb80a9afae65962ecc0)] -> css selector: div[id='content'] h1]
2024-06-26 00:06:929 INFO  ProductPage :84 - Clicking on Login Button [[ChromeDriver: chrome on windows (8691f22e509fbdb80a9afae65962ecc0)] -> xpath: //button[@id='button-cart']]
2024-06-26 00:06:194 INFO  ProductPage :88 - Verify the Message “Success: You have added product to your shopping cart!” [[ChromeDriver: chrome on windows (8691f22e509fbdb80a9afae65962ecc0)] -> xpath: //div[@class='alert alert-success alert-dismissible']]
2024-06-26 00:06:609 INFO  ProductPage :94 - Clicking on shopping cart Button [[ChromeDriver: chrome on windows (8691f22e509fbdb80a9afae65962ecc0)] -> xpath: //a[normalize-space()='shopping cart']]
2024-06-26 00:06:620 INFO  ShoppingCartPage :39 -  Verify the text Shopping Cart [[ChromeDriver: chrome on windows (8691f22e509fbdb80a9afae65962ecc0)] -> xpath: //h1[contains(text(),'Shopping Cart')]]
2024-06-26 00:06:657 INFO  ShoppingCartPage :44 - Verify the Product name [[ChromeDriver: chrome on windows (8691f22e509fbdb80a9afae65962ecc0)] -> xpath: //div[@class = 'table-responsive']/table/tbody/tr/td[2]/a]
2024-06-26 00:06:749 INFO  ShoppingCartPage :61 - Change Quantity 2 to quantity field [[ChromeDriver: chrome on windows (8691f22e509fbdb80a9afae65962ecc0)] -> xpath: //div[@class='input-group btn-block']/input[@type='text']]
2024-06-26 00:06:360 INFO  ShoppingCartPage :66 -  Click on “Update” Tab [[ChromeDriver: chrome on windows (8691f22e509fbdb80a9afae65962ecc0)] -> xpath: //i[@class = 'fa fa-refresh']]
2024-06-26 00:06:373 INFO  ShoppingCartPage :70 - Getting welcome back text [[ChromeDriver: chrome on windows (8691f22e509fbdb80a9afae65962ecc0)] -> xpath: //div[@id='checkout-cart']/div[1]]
2024-06-26 00:06:393 INFO  ShoppingCartPage :54 - Getting total amount in shopping cart : [[ChromeDriver: chrome on windows (8691f22e509fbdb80a9afae65962ecc0)] -> xpath: //div[@class = 'table-responsive']/table/tbody/tr/td[6]]
2024-06-26 00:06:743 INFO  ShoppingCartPage :76 - Click on “Checkout” button [[ChromeDriver: chrome on windows (8691f22e509fbdb80a9afae65962ecc0)] -> css selector: a.btn.btn-primary]
2024-06-26 00:06:762 INFO  CheckOutPage :70 - Verify the text “Checkout” [[ChromeDriver: chrome on windows (8691f22e509fbdb80a9afae65962ecc0)] -> xpath: //div[@id='content']/h1]
2024-06-26 00:06:969 INFO  CheckOutPage :76 - Verify the Text “New Customer” [[ChromeDriver: chrome on windows (8691f22e509fbdb80a9afae65962ecc0)] -> xpath: //h2[contains(text(),'New Customer')]]
2024-06-26 00:06:992 INFO  HomePage :96 - Select Register from myAccount drop down list [[[ChromeDriver: chrome on windows (31a15a27334f5e7df2276ac2453c4def)] -> xpath: //ul[@class='dropdown-menu dropdown-menu-right']/li], [[ChromeDriver: chrome on windows (31a15a27334f5e7df2276ac2453c4def)] -> xpath: //ul[@class='dropdown-menu dropdown-menu-right']/li]]
2024-06-26 00:06:10 INFO  RegisterPage :53 - Verify the text “Register Account”. [[ChromeDriver: chrome on windows (31a15a27334f5e7df2276ac2453c4def)] -> xpath: //h1[contains(text(),'Register Account')]]
2024-06-26 00:06:230 INFO  HomePage :96 - Select Login from myAccount drop down list [[[ChromeDriver: chrome on windows (b2b43a718043fe1cf6e9f93bd8af2089)] -> xpath: //ul[@class='dropdown-menu dropdown-menu-right']/li], [[ChromeDriver: chrome on windows (b2b43a718043fe1cf6e9f93bd8af2089)] -> xpath: //ul[@class='dropdown-menu dropdown-menu-right']/li]]
2024-06-26 00:06:250 INFO  LoginPage :31 - Verify the text “Returning Customer” [[ChromeDriver: chrome on windows (b2b43a718043fe1cf6e9f93bd8af2089)] -> xpath: //h2[contains(text(),'Returning Customer')]]
2024-06-26 00:06:801 INFO  HomePage :96 - Select Register from myAccount drop down list [[[ChromeDriver: chrome on windows (e375e18801b7cb0a5377766d02056dd1)] -> xpath: //ul[@class='dropdown-menu dropdown-menu-right']/li], [[ChromeDriver: chrome on windows (e375e18801b7cb0a5377766d02056dd1)] -> xpath: //ul[@class='dropdown-menu dropdown-menu-right']/li]]
2024-06-26 00:06:873 INFO  RegisterPage :59 - Enter Firstname shakha to Firstname field [[ChromeDriver: chrome on windows (e375e18801b7cb0a5377766d02056dd1)] -> id: input-firstname]
2024-06-26 00:06:928 INFO  RegisterPage :64 - Enter Lastname verma to Lastname field [[ChromeDriver: chrome on windows (e375e18801b7cb0a5377766d02056dd1)] -> id: input-lastname]
2024-06-26 00:06:14 INFO  RegisterPage :69 - Enter email shakha to email field [[ChromeDriver: chrome on windows (e375e18801b7cb0a5377766d02056dd1)] -> id: input-email]
2024-06-26 00:06:84 INFO  RegisterPage :74 - Enter Telephone 07721541999 to Telephone field [[ChromeDriver: chrome on windows (e375e18801b7cb0a5377766d02056dd1)] -> id: input-telephone]
2024-06-26 00:06:150 INFO  RegisterPage :79 - Enter Password Sun1234 to Password field [[ChromeDriver: chrome on windows (e375e18801b7cb0a5377766d02056dd1)] -> id: input-password]
2024-06-26 00:06:208 INFO  RegisterPage :84 - Enter ConfirmPassword Sun1234 to ConfirmPassword field [[ChromeDriver: chrome on windows (e375e18801b7cb0a5377766d02056dd1)] -> id: input-confirm]
2024-06-26 00:06:241 INFO  RegisterPage :96 - Select Subscribe yes radio button [[[ChromeDriver: chrome on windows (e375e18801b7cb0a5377766d02056dd1)] -> xpath: //fieldset[3]//input], [[ChromeDriver: chrome on windows (e375e18801b7cb0a5377766d02056dd1)] -> xpath: //fieldset[3]//input]]
2024-06-26 00:06:273 INFO  RegisterPage :101 - Click on Privacy Policy check box [[ChromeDriver: chrome on windows (e375e18801b7cb0a5377766d02056dd1)] -> xpath: //input[@name='agree']]
2024-06-26 00:06:237 INFO  RegisterPage :106 - Clicking on Continue Button [[ChromeDriver: chrome on windows (e375e18801b7cb0a5377766d02056dd1)] -> xpath: //input[@type='submit']]
2024-06-26 00:06:259 INFO  RegisterPage :111 - Verify the message “Your Account Has Been Created!” [[ChromeDriver: chrome on windows (e375e18801b7cb0a5377766d02056dd1)] -> xpath: //h1[text()='Your Account Has Been Created!']]
2024-06-26 00:06:663 INFO  RegisterPage :117 - Clicking on Continue Button [[ChromeDriver: chrome on windows (e375e18801b7cb0a5377766d02056dd1)] -> xpath: //a[text()='Continue']]
2024-06-26 00:06:420 INFO  HomePage :96 - Select Logout from myAccount drop down list [[[ChromeDriver: chrome on windows (e375e18801b7cb0a5377766d02056dd1)] -> xpath: //ul[@class='dropdown-menu dropdown-menu-right']/li], [[ChromeDriver: chrome on windows (e375e18801b7cb0a5377766d02056dd1)] -> xpath: //ul[@class='dropdown-menu dropdown-menu-right']/li], [[ChromeDriver: chrome on windows (e375e18801b7cb0a5377766d02056dd1)] -> xpath: //ul[@class='dropdown-menu dropdown-menu-right']/li], [[ChromeDriver: chrome on windows (e375e18801b7cb0a5377766d02056dd1)] -> xpath: //ul[@class='dropdown-menu dropdown-menu-right']/li], [[ChromeDriver: chrome on windows (e375e18801b7cb0a5377766d02056dd1)] -> xpath: //ul[@class='dropdown-menu dropdown-menu-right']/li]]
2024-06-26 00:06:444 INFO  LogoutPage :21 - Verify text "Account Logout" [[ChromeDriver: chrome on windows (e375e18801b7cb0a5377766d02056dd1)] -> xpath: //h1[text()='Account Logout']]
2024-06-26 00:06:895 INFO  RegisterPage :117 - Clicking on Continue Button [[ChromeDriver: chrome on windows (e375e18801b7cb0a5377766d02056dd1)] -> xpath: //a[text()='Continue']]
2024-06-26 00:06:48 INFO  HomePage :96 - Select Login from myAccount drop down list [[[ChromeDriver: chrome on windows (ab2f4ade3f05528584d41b265d5233f1)] -> xpath: //ul[@class='dropdown-menu dropdown-menu-right']/li], [[ChromeDriver: chrome on windows (ab2f4ade3f05528584d41b265d5233f1)] -> xpath: //ul[@class='dropdown-menu dropdown-menu-right']/li]]
2024-06-26 00:06:196 INFO  LoginPage :38 - Enter email shakha@gmail.comto email field [[ChromeDriver: chrome on windows (ab2f4ade3f05528584d41b265d5233f1)] -> id: input-email]
2024-06-26 00:06:284 INFO  LoginPage :44 - Enter password Sun1234to password field [[ChromeDriver: chrome on windows (ab2f4ade3f05528584d41b265d5233f1)] -> id: input-password]
2024-06-26 00:06:802 INFO  LoginPage :50 - Clicking on Login Button [[ChromeDriver: chrome on windows (ab2f4ade3f05528584d41b265d5233f1)] -> xpath: //input[@value='Login']]
2024-06-26 00:06:835 INFO  LoginPage :55 - Verify text “My Account” Proxy element for: DefaultElementLocator 'By.xpath: //h2[text()='My Account']'
2024-06-26 00:06:49 INFO  HomePage :58 - Mouse hover on desktops Tab and click [[ChromeDriver: chrome on windows (c5758aa8d305bf44b8a1be2114958b90)] -> link text: Desktops]
2024-06-26 00:06:61 INFO  HomePage :53 - Click Show AllDesktops from homepage Top menu  [[[ChromeDriver: chrome on windows (c5758aa8d305bf44b8a1be2114958b90)] -> xpath: //nav[@id='menu']//ul/li[contains(@class, 'open')]/div/child::*], [[ChromeDriver: chrome on windows (c5758aa8d305bf44b8a1be2114958b90)] -> xpath: //nav[@id='menu']//ul/li[contains(@class, 'open')]/div/child::*]]
2024-06-26 00:06:77 INFO  DesktopPage :32 - Verify the text ‘Desktops’[[ChromeDriver: chrome on windows (c5758aa8d305bf44b8a1be2114958b90)] -> xpath: //h2[contains(text(),'Desktops')]]
2024-06-26 00:06:17 INFO  HomePage :64 - Mouse hover on laptop And Notebook Tab and click [[ChromeDriver: chrome on windows (f547a67052e80436acbb49a359b82369)] -> link text: Laptops & Notebooks]
2024-06-26 00:06:728 INFO  HomePage :53 - Click Show AllLaptops & Notebooks from homepage Top menu  [[[ChromeDriver: chrome on windows (f547a67052e80436acbb49a359b82369)] -> xpath: //nav[@id='menu']//ul/li[contains(@class, 'open')]/div/child::*], [[ChromeDriver: chrome on windows (f547a67052e80436acbb49a359b82369)] -> xpath: //nav[@id='menu']//ul/li[contains(@class, 'open')]/div/child::*]]
2024-06-26 00:06:750 INFO  LaptopsAndNotebooksPage :34 - Verify the text ‘Laptops & Notebooks’ [[ChromeDriver: chrome on windows (f547a67052e80436acbb49a359b82369)] -> xpath: //h2[contains(text(),'Laptops & Notebooks')]]
2024-06-26 00:06:728 INFO  HomePage :70 - Mouse hover on components Tab and click [[ChromeDriver: chrome on windows (d396802776a69173b2653cc63fcb2e98)] -> link text: Components]
2024-06-26 00:06:399 INFO  HomePage :53 - Click Show AllComponents from homepage Top menu  [[[ChromeDriver: chrome on windows (d396802776a69173b2653cc63fcb2e98)] -> xpath: //nav[@id='menu']//ul/li[contains(@class, 'open')]/div/child::*], [[ChromeDriver: chrome on windows (d396802776a69173b2653cc63fcb2e98)] -> xpath: //nav[@id='menu']//ul/li[contains(@class, 'open')]/div/child::*]]
2024-06-26 00:06:415 INFO  ComponentsPage :18 - Verify the text ‘Components’ [[ChromeDriver: chrome on windows (d396802776a69173b2653cc63fcb2e98)] -> xpath: //h2[contains(text(),'Components')]]
